# JRE version: Java(TM) SE Runtime Environment 18.9 (11.0.12+8) (build 11.0.12+8-LTS-237)
# Java VM: Java HotSpot(TM) 64-Bit Server VM 18.9 (11.0.12+8-LTS-237, mixed mode, tiered, compressed oops, g1 gc, windows-amd64)
Heap:
 garbage-first heap   total 187392K, used 27416K [0x0000000082800000, 0x0000000100000000)
  region size 1024K, 6 young (6144K), 6 survivors (6144K)
 Metaspace       used 65705K, capacity 67240K, committed 67328K, reserved 1107968K
  class space    used 8291K, capacity 8901K, committed 8960K, reserved 1048576K
GC Heap History (10 events):
Event: 5.008 GC heap after
{Heap after GC invocations=8 (full 0):
 garbage-first heap   total 129024K, used 15079K [0x0000000082800000, 0x0000000100000000)
  region size 1024K, 5 young (5120K), 5 survivors (5120K)
 Metaspace       used 34767K, capacity 35780K, committed 35840K, reserved 1081344K
  class space    used 4138K, capacity 4555K, committed 4608K, reserved 1048576K
}
Event: 6.539 GC heap before
{Heap before GC invocations=9 (full 0):
 garbage-first heap   total 129024K, used 73447K [0x0000000082800000, 0x0000000100000000)
  region size 1024K, 62 young (63488K), 5 survivors (5120K)
 Metaspace       used 39211K, capacity 40469K, committed 40704K, reserved 1085440K
  class space    used 4773K, capacity 5274K, committed 5376K, reserved 1048576K
}
Event: 6.556 GC heap after
{Heap after GC invocations=10 (full 0):
 garbage-first heap   total 155648K, used 17562K [0x0000000082800000, 0x0000000100000000)
  region size 1024K, 6 young (6144K), 6 survivors (6144K)
 Metaspace       used 39211K, capacity 40469K, committed 40704K, reserved 1085440K
  class space    used 4773K, capacity 5274K, committed 5376K, reserved 1048576K
}
Event: 8.923 GC heap before
{Heap before GC invocations=10 (full 0):
 garbage-first heap   total 155648K, used 91290K [0x0000000082800000, 0x0000000100000000)
  region size 1024K, 78 young (79872K), 6 survivors (6144K)
 Metaspace       used 48575K, capacity 49968K, committed 50176K, reserved 1093632K
  class space    used 5986K, capacity 6564K, committed 6656K, reserved 1048576K
}
Event: 8.938 GC heap after
{Heap after GC invocations=11 (full 0):
 garbage-first heap   total 155648K, used 22132K [0x0000000082800000, 0x0000000100000000)
  region size 1024K, 10 young (10240K), 10 survivors (10240K)
 Metaspace       used 48575K, capacity 49968K, committed 50176K, reserved 1093632K
  class space    used 5986K, capacity 6564K, committed 6656K, reserved 1048576K
}
Event: 10.712 GC heap before
{Heap before GC invocations=11 (full 0):
 garbage-first heap   total 155648K, used 96884K [0x0000000082800000, 0x0000000100000000)
  region size 1024K, 83 young (84992K), 10 survivors (10240K)
 Metaspace       used 58511K, capacity 59983K, committed 60160K, reserved 1101824K
  class space    used 7277K, capacity 7856K, committed 7936K, reserved 1048576K
}
Event: 10.732 GC heap after
{Heap after GC invocations=12 (full 0):
 garbage-first heap   total 155648K, used 25649K [0x0000000082800000, 0x0000000100000000)
  region size 1024K, 8 young (8192K), 8 survivors (8192K)
 Metaspace       used 58511K, capacity 59983K, committed 60160K, reserved 1101824K
  class space    used 7277K, capacity 7856K, committed 7936K, reserved 1048576K
}
Event: 10.778 GC heap before
{Heap before GC invocations=12 (full 0):
 garbage-first heap   total 155648K, used 26673K [0x0000000082800000, 0x0000000100000000)
  region size 1024K, 10 young (10240K), 8 survivors (8192K)
 Metaspace       used 58662K, capacity 60094K, committed 60160K, reserved 1101824K
  class space    used 7296K, capacity 7893K, committed 7936K, reserved 1048576K
}
Event: 10.792 GC heap after
{Heap after GC invocations=13 (full 0):
 garbage-first heap   total 155648K, used 26099K [0x0000000082800000, 0x0000000100000000)
  region size 1024K, 4 young (4096K), 4 survivors (4096K)
 Metaspace       used 58662K, capacity 60094K, committed 60160K, reserved 1101824K
  class space    used 7296K, capacity 7893K, committed 7936K, reserved 1048576K
}
Event: 12.516 GC heap before
{Heap before GC invocations=14 (full 0):
 garbage-first heap   total 155648K, used 94707K [0x0000000082800000, 0x0000000100000000)
  region size 1024K, 71 young (72704K), 4 survivors (4096K)
 Metaspace       used 65705K, capacity 67240K, committed 67328K, reserved 1107968K
  class space    used 8291K, capacity 8901K, committed 8960K, reserved 1048576K
}

